2023-04-18 11:16:00,676 INFO Unable to locate 'PRODUCT NAME' with 'css' selector 'h1.ProductName-module--productTitle__P44jf' in URL 'https://www2.hm.com/en_in/productpage.1136278018.html': Element not found in the webpage
2023-04-18 11:16:00,696 INFO Unable to locate 'PRODUCT PRICE' with 'css' selector 'span.Price-module--black-large__Fa6KP' in URL 'https://www2.hm.com/en_in/productpage.1136278018.html': Element not found in the webpage
2023-04-18 11:16:00,713 INFO Unable to locate 'PRODUCT IMAGE' with 'css' selector 'figure.pdp-secondary-image img' in URL 'https://www2.hm.com/en_in/productpage.1136278018.html': Element not found in the webpage
2023-04-18 11:16:00,728 INFO Unable to locate 'PRODUCT MAIN IMAGE' with 'css' selector 'div.product-detail-main-image-container img' in URL 'https://www2.hm.com/en_in/productpage.1136278018.html': Element not found in the webpage
2023-04-18 11:22:46,987 INFO Unable to locate 'PRODUCT NAME' with 'css' selector 'h1.ProductName-module--productTitle__P44jf' in URL 'https://www2.hm.com/en_in/pro': Element not found in the webpage
2023-04-18 11:22:47,013 INFO Unable to locate 'PRODUCT PRICE' with 'css' selector 'span.Price-module--black-large__Fa6KP' in URL 'https://www2.hm.com/en_in/pro': Element not found in the webpage
2023-04-18 11:22:47,030 INFO Unable to locate 'PRODUCT IMAGE' with 'css' selector 'figure.pdp-secondary-image img' in URL 'https://www2.hm.com/en_in/pro': Element not found in the webpage
2023-04-18 11:22:47,048 INFO Unable to locate 'PRODUCT MAIN IMAGE' with 'css' selector 'div.product-detail-main-image-container img' in URL 'https://www2.hm.com/en_in/pro': Element not found in the webpage
2023-04-18 11:29:33,335 INFO Unable to locate 'PRODUCT NAME' with 'css' selector 'h1.ProductName-module--productTitle__P44jf' in URL 'https://www2.hm.com/en_in/productpage.1136278018.html': Element not found in the webpage
2023-04-18 11:29:33,362 INFO Unable to locate 'PRODUCT PRICE' with 'css' selector 'span.Price-module--black-large__Fa6KP' in URL 'https://www2.hm.com/en_in/productpage.1136278018.html': Element not found in the webpage
2023-04-18 11:29:33,384 INFO Unable to locate 'PRODUCT IMAGE' with 'css' selector 'figure.pdp-secondary-image img' in URL 'https://www2.hm.com/en_in/productpage.1136278018.html': Element not found in the webpage
2023-04-18 11:29:33,401 INFO Unable to locate 'PRODUCT MAIN IMAGE' with 'css' selector 'div.product-detail-main-image-container img' in URL 'https://www2.hm.com/en_in/productpage.1136278018.html': Element not found in the webpage
2023-04-18 11:30:20,224 INFO Unable to locate 'PRODUCT NAME' with 'css' selector 'h1.ProductName-module--productTitle__P44jf' in URL 'https://www2.hm.com/en_in/productpage.1136278018.html': Element not found in the webpage
2023-04-18 11:30:20,249 INFO Unable to locate 'PRODUCT PRICE' with 'css' selector 'span.Price-module--black-large__Fa6KP' in URL 'https://www2.hm.com/en_in/productpage.1136278018.html': Element not found in the webpage
2023-04-18 11:30:20,268 INFO Unable to locate 'PRODUCT IMAGE' with 'css' selector 'figure.pdp-secondary-image img' in URL 'https://www2.hm.com/en_in/productpage.1136278018.html': Element not found in the webpage
2023-04-18 11:30:20,295 INFO Unable to locate 'PRODUCT MAIN IMAGE' with 'css' selector 'div.product-detail-main-image-container img' in URL 'https://www2.hm.com/en_in/productpage.1136278018.html': Element not found in the webpage
2023-04-18 11:42:44,077 INFO Unable to locate 'PRODUCT NAME' with 'css' selector 'h1.ProductName-module--productTitle__P44jf' in URL 'https://www2.hm.com/en_in/productpage.1136278018.html': Element not found in the webpage
2023-04-18 11:42:44,101 INFO Unable to locate 'PRODUCT PRICE' with 'css' selector 'span.Price-module--black-large__Fa6KP' in URL 'https://www2.hm.com/en_in/productpage.1136278018.html': Element not found in the webpage
2023-04-18 11:42:44,120 INFO Unable to locate 'PRODUCT IMAGE' with 'css' selector 'figure.pdp-secondary-image img' in URL 'https://www2.hm.com/en_in/productpage.1136278018.html': Element not found in the webpage
2023-04-18 11:42:44,140 INFO Unable to locate 'PRODUCT MAIN IMAGE' with 'css' selector 'div.product-detail-main-image-container img' in URL 'https://www2.hm.com/en_in/productpage.1136278018.html': Element not found in the webpage
2023-04-18 11:43:19,709 INFO Unable to locate 'PRODUCT NAME' with 'css' selector 'h1.ProductName-module--productTitle__P44jf' in URL 'https://www2.hm.com/en_in/productpage.1136278018.html': Element not found in the webpage
2023-04-18 11:43:19,728 INFO Unable to locate 'PRODUCT PRICE' with 'css' selector 'span.Price-module--black-large__Fa6KP' in URL 'https://www2.hm.com/en_in/productpage.1136278018.html': Element not found in the webpage
2023-04-18 11:43:19,742 INFO Unable to locate 'PRODUCT IMAGE' with 'css' selector 'figure.pdp-secondary-image img' in URL 'https://www2.hm.com/en_in/productpage.1136278018.html': Element not found in the webpage
2023-04-18 11:43:19,754 INFO Unable to locate 'PRODUCT MAIN IMAGE' with 'css' selector 'div.product-detail-main-image-container img' in URL 'https://www2.hm.com/en_in/productpage.1136278018.html': Element not found in the webpage
2023-04-18 11:44:31,159 INFO Unable to locate 'PRODUCT NAME' with 'css' selector 'h1.ProductName-module--productTitle__P44jf' in URL 'https://www2.hm.com/en_in/productpage.1136278018.html': Element not found in the webpage
2023-04-18 11:44:31,182 INFO Unable to locate 'PRODUCT PRICE' with 'css' selector 'span.Price-module--black-large__Fa6KP' in URL 'https://www2.hm.com/en_in/productpage.1136278018.html': Element not found in the webpage
2023-04-18 11:44:31,199 INFO Unable to locate 'PRODUCT IMAGE' with 'css' selector 'figure.pdp-secondary-image img' in URL 'https://www2.hm.com/en_in/productpage.1136278018.html': Element not found in the webpage
2023-04-18 11:44:31,215 INFO Unable to locate 'PRODUCT MAIN IMAGE' with 'css' selector 'div.product-detail-main-image-container img' in URL 'https://www2.hm.com/en_in/productpage.1136278018.html': Element not found in the webpage
2023-04-18 11:45:02,941 INFO Unable to locate 'PRODUCT NAME' with 'css' selector 'h1.ProductName-module--productTitle__P44jf' in URL 'https://www2.hm.com/en_in/productpage.1136278018.html': Element not found in the webpage
2023-04-18 11:45:02,969 INFO Unable to locate 'PRODUCT PRICE' with 'css' selector 'span.Price-module--black-large__Fa6KP' in URL 'https://www2.hm.com/en_in/productpage.1136278018.html': Element not found in the webpage
2023-04-18 11:45:02,990 INFO Unable to locate 'PRODUCT IMAGE' with 'css' selector 'figure.pdp-secondary-image img' in URL 'https://www2.hm.com/en_in/productpage.1136278018.html': Element not found in the webpage
2023-04-18 11:45:03,006 INFO Unable to locate 'PRODUCT MAIN IMAGE' with 'css' selector 'div.product-detail-main-image-container img' in URL 'https://www2.hm.com/en_in/productpage.1136278018.html': Element not found in the webpage
2023-04-18 11:46:19,625 INFO Unable to locate 'PRODUCT NAME' with 'css' selector 'h1.ProductName-module--productTitle__P44jf' in URL 'https://www2.hm.com/en_in/productpage.1136278018.html': Element not found in the webpage
2023-04-18 11:46:19,645 INFO Unable to locate 'PRODUCT PRICE' with 'css' selector 'span.Price-module--black-large__Fa6KP' in URL 'https://www2.hm.com/en_in/productpage.1136278018.html': Element not found in the webpage
2023-04-18 11:46:19,661 INFO Unable to locate 'PRODUCT IMAGE' with 'css' selector 'figure.pdp-secondary-image img' in URL 'https://www2.hm.com/en_in/productpage.1136278018.html': Element not found in the webpage
2023-04-18 11:46:19,677 INFO Unable to locate 'PRODUCT MAIN IMAGE' with 'css' selector 'div.product-detail-main-image-container img' in URL 'https://www2.hm.com/en_in/productpage.1136278018.html': Element not found in the webpage
2023-04-18 11:46:40,930 INFO Unable to locate 'PRODUCT NAME' with 'css' selector 'h1.ProductName-module--productTitle__P44jf' in URL 'https://www2.hm.com/en_in/productpage.1136278018.html': Element not found in the webpage
2023-04-18 11:46:40,946 INFO Unable to locate 'PRODUCT PRICE' with 'css' selector 'span.Price-module--black-large__Fa6KP' in URL 'https://www2.hm.com/en_in/productpage.1136278018.html': Element not found in the webpage
2023-04-18 11:46:40,960 INFO Unable to locate 'PRODUCT IMAGE' with 'css' selector 'figure.pdp-secondary-image img' in URL 'https://www2.hm.com/en_in/productpage.1136278018.html': Element not found in the webpage
2023-04-18 11:46:40,974 INFO Unable to locate 'PRODUCT MAIN IMAGE' with 'css' selector 'div.product-detail-main-image-container img' in URL 'https://www2.hm.com/en_in/productpage.1136278018.html': Element not found in the webpage
2023-04-18 11:47:20,014 INFO Unable to locate 'PRODUCT NAME' with 'css' selector 'h1.ProductName-module--productTitle__P44jf' in URL 'https://www2.hm.com/en_in/productpage.1136278018.html': Element not found in the webpage
2023-04-18 11:47:20,030 INFO Unable to locate 'PRODUCT PRICE' with 'css' selector 'span.Price-module--black-large__Fa6KP' in URL 'https://www2.hm.com/en_in/productpage.1136278018.html': Element not found in the webpage
2023-04-18 11:47:20,045 INFO Unable to locate 'PRODUCT IMAGE' with 'css' selector 'figure.pdp-secondary-image img' in URL 'https://www2.hm.com/en_in/productpage.1136278018.html': Element not found in the webpage
2023-04-18 11:47:20,057 INFO Unable to locate 'PRODUCT MAIN IMAGE' with 'css' selector 'div.product-detail-main-image-container img' in URL 'https://www2.hm.com/en_in/productpage.1136278018.html': Element not found in the webpage
2023-04-18 11:47:56,393 INFO Unable to locate 'PRODUCT NAME' with 'css' selector 'h1.ProductName-module--productTitle__P44jf' in URL 'https://www2.hm.com/en_in/productpage.1136278018.html': Element not found in the webpage
2023-04-18 11:47:56,415 INFO Unable to locate 'PRODUCT PRICE' with 'css' selector 'span.Price-module--black-large__Fa6KP' in URL 'https://www2.hm.com/en_in/productpage.1136278018.html': Element not found in the webpage
2023-04-18 11:47:56,432 INFO Unable to locate 'PRODUCT IMAGE' with 'css' selector 'figure.pdp-secondary-image img' in URL 'https://www2.hm.com/en_in/productpage.1136278018.html': Element not found in the webpage
2023-04-18 11:47:56,449 INFO Unable to locate 'PRODUCT MAIN IMAGE' with 'css' selector 'div.product-detail-main-image-container img' in URL 'https://www2.hm.com/en_in/productpage.1136278018.html': Element not found in the webpage
2023-04-18 11:52:08,193 INFO Unable to locate 'PRODUCT NAME' with 'css' selector 'h1.ProductName-module--productTitle__P44jf' in URL 'https://www2.hm.com/en_in/productpage.1136278018.html': Element not found in the webpage
2023-04-18 11:52:08,217 INFO Unable to locate 'PRODUCT PRICE' with 'css' selector 'span.Price-module--black-large__Fa6KP' in URL 'https://www2.hm.com/en_in/productpage.1136278018.html': Element not found in the webpage
2023-04-18 11:52:08,235 INFO Unable to locate 'PRODUCT IMAGE' with 'css' selector 'figure.pdp-secondary-image img' in URL 'https://www2.hm.com/en_in/productpage.1136278018.html': Element not found in the webpage
2023-04-18 11:52:08,254 INFO Unable to locate 'PRODUCT MAIN IMAGE' with 'css' selector 'div.product-detail-main-image-container img' in URL 'https://www2.hm.com/en_in/productpage.1136278018.html': Element not found in the webpage
2023-04-18 11:52:40,436 INFO Unable to locate 'PRODUCT NAME' with 'css' selector 'h1.ProductName-module--productTitle__P44jf' in URL 'https://www2.hm.com/en_in/productpage.1136278018.html': Element not found in the webpage
2023-04-18 11:52:40,455 INFO Unable to locate 'PRODUCT PRICE' with 'css' selector 'span.Price-module--black-large__Fa6KP' in URL 'https://www2.hm.com/en_in/productpage.1136278018.html': Element not found in the webpage
2023-04-18 11:52:40,471 INFO Unable to locate 'PRODUCT IMAGE' with 'css' selector 'figure.pdp-secondary-image img' in URL 'https://www2.hm.com/en_in/productpage.1136278018.html': Element not found in the webpage
2023-04-18 11:52:40,486 INFO Unable to locate 'PRODUCT MAIN IMAGE' with 'css' selector 'div.product-detail-main-image-container img' in URL 'https://www2.hm.com/en_in/productpage.1136278018.html': Element not found in the webpage
2023-09-14 05:28:18,926 INFO Unable to locate 'PRODUCT NAME' with 'css' selector 'h1.ProductName-module--productTitle__P44jf' in URL 'https://www2.hm.com/en_us/productpage.1161628001.html': Element not found in the webpage
2023-09-14 05:28:19,183 INFO Unable to locate 'PRODUCT PRICE' with 'css' selector 'span.Price-module--black-large__Fa6KP' in URL 'https://www2.hm.com/en_us/productpage.1161628001.html': Element not found in the webpage
