2023-04-19 17:00:41,984 WARNING Spider 'myth_eresa_spider' received 301 response for URL: https://www.mytheresa.com/int_en/amiri-skel-top-hi-leather-sneakers-2647465.html?departmentgroup=MENSWEAR&catref=category
2023-04-19 17:00:41,984 INFO Redirecting from https://www.mytheresa.com/int_en/amiri-skel-top-hi-leather-sneakers-2647465.html?departmentgroup=MENSWEAR&catref=category to b'https://www.mytheresa.com/int/en/men/amiri-skel-top-hi-leather-sneakers-black-p00806142?catref=category&departmentgroup=MENSWEAR&rdr_src=mag'
2023-04-19 17:01:59,405 WARNING Spider 'myth_eresa_spider' received 301 response for URL: https://www.mytheresa.com/int_en/amiri-skel-top-hi-leather-sneakers-2647465.html?departmentgroup=MENSWEAR&catref=category
2023-04-19 17:01:59,405 INFO Redirecting from https://www.mytheresa.com/int_en/amiri-skel-top-hi-leather-sneakers-2647465.html?departmentgroup=MENSWEAR&catref=category to b'https://www.mytheresa.com/int/en/men/amiri-skel-top-hi-leather-sneakers-black-p00806142?catref=category&departmentgroup=MENSWEAR&rdr_src=mag'
2023-04-19 17:05:02,851 WARNING Spider 'myth_eresa_spider' received 301 response for URL: https://www.mytheresa.com/int_en/amiri-skel-top-hi-leather-sneakers-2647465.html?departmentgroup=MENSWEAR&catref=category
2023-04-19 17:05:02,852 INFO Redirecting from https://www.mytheresa.com/int_en/amiri-skel-top-hi-leather-sneakers-2647465.html?departmentgroup=MENSWEAR&catref=category to b'https://www.mytheresa.com/int/en/men/amiri-skel-top-hi-leather-sneakers-black-p00806142?catref=category&departmentgroup=MENSWEAR&rdr_src=mag'
2023-04-19 17:06:28,189 WARNING Spider 'myth_eresa_spider' received 301 response for URL: https://www.mytheresa.com/int_en/amiri-skel-top-hi-leather-sneakers-2647465.html?departmentgroup=MENSWEAR&catref=category
2023-04-19 17:06:28,189 INFO Redirecting from https://www.mytheresa.com/int_en/amiri-skel-top-hi-leather-sneakers-2647465.html?departmentgroup=MENSWEAR&catref=category to b'https://www.mytheresa.com/int/en/men/amiri-skel-top-hi-leather-sneakers-black-p00806142?catref=category&departmentgroup=MENSWEAR&rdr_src=mag'
2023-04-19 17:09:04,419 WARNING Spider 'myth_eresa_spider' received 301 response for URL: https://www.mytheresa.com/int_en/amiri-skel-top-hi-leather-sneakers-2647465.html?departmentgroup=MENSWEAR&catref=category
2023-04-19 17:09:04,419 INFO Redirecting from https://www.mytheresa.com/int_en/amiri-skel-top-hi-leather-sneakers-2647465.html?departmentgroup=MENSWEAR&catref=category to b'https://www.mytheresa.com/int/en/men/amiri-skel-top-hi-leather-sneakers-black-p00806142?catref=category&departmentgroup=MENSWEAR&rdr_src=mag'
2023-04-19 17:16:42,301 WARNING Spider 'myth_eresa_spider' received 301 response for URL: https://www.mytheresa.com/int_en/amiri-skel-top-hi-leather-sneakers-2647465.html?departmentgroup=MENSWEAR&catref=category
2023-04-19 17:16:42,301 INFO Redirecting from https://www.mytheresa.com/int_en/amiri-skel-top-hi-leather-sneakers-2647465.html?departmentgroup=MENSWEAR&catref=category to b'https://www.mytheresa.com/int/en/men/amiri-skel-top-hi-leather-sneakers-black-p00806142?catref=category&departmentgroup=MENSWEAR&rdr_src=mag'
2023-04-19 17:17:17,381 WARNING Spider 'myth_eresa_spider' received 301 response for URL: https://www.mytheresa.com/int_en/amiri-skel-top-hi-leather-sneakers-2647465.html?departmentgroup=MENSWEAR&catref=category
2023-04-19 17:17:17,381 INFO Redirecting from https://www.mytheresa.com/int_en/amiri-skel-top-hi-leather-sneakers-2647465.html?departmentgroup=MENSWEAR&catref=category to b'https://www.mytheresa.com/int/en/men/amiri-skel-top-hi-leather-sneakers-black-p00806142?catref=category&departmentgroup=MENSWEAR&rdr_src=mag'
2023-04-19 17:17:43,477 WARNING Spider 'myth_eresa_spider' received 301 response for URL: https://www.mytheresa.com/int_en/amiri-skel-top-hi-leather-sneakers-2647465.html?departmentgroup=MENSWEAR&catref=category
2023-04-19 17:17:43,477 INFO Redirecting from https://www.mytheresa.com/int_en/amiri-skel-top-hi-leather-sneakers-2647465.html?departmentgroup=MENSWEAR&catref=category to b'https://www.mytheresa.com/int/en/men/amiri-skel-top-hi-leather-sneakers-black-p00806142?catref=category&departmentgroup=MENSWEAR&rdr_src=mag'
2023-04-19 17:18:20,154 WARNING Spider 'myth_eresa_spider' received 301 response for URL: https://www.mytheresa.com/int_en/amiri-skel-top-hi-leather-sneakers-2647465.html?departmentgroup=MENSWEAR&catref=category
2023-04-19 17:18:20,154 INFO Redirecting from https://www.mytheresa.com/int_en/amiri-skel-top-hi-leather-sneakers-2647465.html?departmentgroup=MENSWEAR&catref=category to b'https://www.mytheresa.com/int/en/men/amiri-skel-top-hi-leather-sneakers-black-p00806142?catref=category&departmentgroup=MENSWEAR&rdr_src=mag'
2023-04-19 17:19:04,365 WARNING Spider 'myth_eresa_spider' received 301 response for URL: https://www.mytheresa.com/int_en/amiri-skel-top-hi-leather-sneakers-2647465.html?departmentgroup=MENSWEAR&catref=category
2023-04-19 17:19:04,366 INFO Redirecting from https://www.mytheresa.com/int_en/amiri-skel-top-hi-leather-sneakers-2647465.html?departmentgroup=MENSWEAR&catref=category to b'https://www.mytheresa.com/int/en/men/amiri-skel-top-hi-leather-sneakers-black-p00806142?catref=category&departmentgroup=MENSWEAR&rdr_src=mag'
2023-04-19 17:21:10,202 WARNING Spider 'myth_eresa_spider' received 301 response for URL: https://www.mytheresa.com/int_en/amiri-skel-top-hi-leather-sneakers-2647465.html?departmentgroup=MENSWEAR&catref=category
2023-04-19 17:21:10,203 INFO Redirecting from https://www.mytheresa.com/int_en/amiri-skel-top-hi-leather-sneakers-2647465.html?departmentgroup=MENSWEAR&catref=category to b'https://www.mytheresa.com/int/en/men/amiri-skel-top-hi-leather-sneakers-black-p00806142?catref=category&departmentgroup=MENSWEAR&rdr_src=mag'
2023-04-19 17:21:41,381 WARNING Spider 'myth_eresa_spider' received 301 response for URL: https://www.mytheresa.com/int_en/amiri-skel-top-hi-leather-sneakers-2647465.html?departmentgroup=MENSWEAR&catref=category
2023-04-19 17:21:41,381 INFO Redirecting from https://www.mytheresa.com/int_en/amiri-skel-top-hi-leather-sneakers-2647465.html?departmentgroup=MENSWEAR&catref=category to b'https://www.mytheresa.com/int/en/men/amiri-skel-top-hi-leather-sneakers-black-p00806142?catref=category&departmentgroup=MENSWEAR&rdr_src=mag'
2023-04-19 17:22:44,638 WARNING Spider 'myth_eresa_spider' received 301 response for URL: https://www.mytheresa.com/int_en/amiri-skel-top-hi-leather-sneakers-2647465.html?departmentgroup=MENSWEAR&catref=category
2023-04-19 17:22:44,638 INFO Redirecting from https://www.mytheresa.com/int_en/amiri-skel-top-hi-leather-sneakers-2647465.html?departmentgroup=MENSWEAR&catref=category to b'https://www.mytheresa.com/int/en/men/amiri-skel-top-hi-leather-sneakers-black-p00806142?catref=category&departmentgroup=MENSWEAR&rdr_src=mag'
2023-04-19 17:25:24,715 WARNING Spider 'myth_eresa_spider' received 301 response for URL: https://www.mytheresa.com/int_en/amiri-skel-top-hi-leather-sneakers-2647465.html?departmentgroup=MENSWEAR&catref=category
2023-04-19 17:25:24,715 INFO Redirecting from https://www.mytheresa.com/int_en/amiri-skel-top-hi-leather-sneakers-2647465.html?departmentgroup=MENSWEAR&catref=category to b'https://www.mytheresa.com/int/en/men/amiri-skel-top-hi-leather-sneakers-black-p00806142?catref=category&departmentgroup=MENSWEAR&rdr_src=mag'
2023-04-19 17:26:41,460 WARNING Spider 'myth_eresa_spider' received 301 response for URL: https://www.mytheresa.com/int_en/amiri-skel-top-hi-leather-sneakers-2647465.html?departmentgroup=MENSWEAR&catref=category
2023-04-19 17:26:41,460 INFO Redirecting from https://www.mytheresa.com/int_en/amiri-skel-top-hi-leather-sneakers-2647465.html?departmentgroup=MENSWEAR&catref=category to b'https://www.mytheresa.com/int/en/men/amiri-skel-top-hi-leather-sneakers-black-p00806142?catref=category&departmentgroup=MENSWEAR&rdr_src=mag'
2023-04-19 17:27:10,558 WARNING Spider 'myth_eresa_spider' received 301 response for URL: https://www.mytheresa.com/int_en/amiri-skel-top-hi-leather-sneakers-2647465.html?departmentgroup=MENSWEAR&catref=category
2023-04-19 17:27:10,558 INFO Redirecting from https://www.mytheresa.com/int_en/amiri-skel-top-hi-leather-sneakers-2647465.html?departmentgroup=MENSWEAR&catref=category to b'https://www.mytheresa.com/int/en/men/amiri-skel-top-hi-leather-sneakers-black-p00806142?catref=category&departmentgroup=MENSWEAR&rdr_src=mag'
2023-09-14 05:33:06,646 WARNING Spider 'intermix_online_spider' received 403 response for URL: https://www.intermixonline.com/robots.txt
2023-09-14 05:33:06,770 WARNING Spider 'intermix_online_spider' received 403 response for URL: https://www.intermixonline.com/Wolford/Turtleneck%20Thong%20Bodysuit/76048-WHITE.html?dwvar_76048-WHITE_colorname=900&cgid=clothing&webcat=clothing
2023-09-14 05:40:16,955 WARNING Spider 'intermix_online_spider' received 403 response for URL: https://www.intermixonline.com/robots.txt
2023-09-14 05:40:17,084 WARNING Spider 'intermix_online_spider' received 403 response for URL: https://www.intermixonline.com/Wolford/Turtleneck%20Thong%20Bodysuit/76048-WHITE.html?dwvar_76048-WHITE_colorname
2023-09-14 05:44:50,601 WARNING Spider 'intermix_online_spider' received 403 response for URL: https://www.intermixonline.com/robots.txt
2023-09-14 05:44:50,711 WARNING Spider 'intermix_online_spider' received 403 response for URL: https://www.intermixonline.com/Wolford/Turtleneck%20Thong%20Bodysuit/76048-WHITE.html?dwvar_76048-WHITE_colorname
2023-09-14 05:46:10,492 WARNING Spider 'intermix_online_spider' received 403 response for URL: https://www.intermixonline.com/robots.txt
2023-09-14 05:46:10,647 WARNING Spider 'intermix_online_spider' received 403 response for URL: https://www.intermixonline.com/Wolford/Turtleneck%20Thong%20Bodysuit/76048-WHITE.html?dwvar_76048-WHITE_colorname
2023-09-14 05:47:25,039 WARNING Spider 'intermix_online_spider' received 403 response for URL: https://www.intermixonline.com/robots.txt
2023-09-14 05:47:25,170 WARNING Spider 'intermix_online_spider' received 403 response for URL: https://www.intermixonline.com/Wolford/Turtleneck%20Thong%20Bodysuit/76048-WHITE.html?dwvar_76048-WHITE_colorname
